<?xml version="1.0" encoding="UTF-8"?>
<!-- Generated by org.testng.reporters.JUnitXMLReporter -->
<testsuite hostname="LAPTOP-SQUFLTJ8" ignored="0" name="Test" tests="1" failures="1" timestamp="15 Apr 2019 17:47:34 GMT" time="9.505" errors="0">
  <testcase name="test1" time="0.984" classname="TestCase.SignUpTest">
    <failure type="java.lang.AssertionError" message="expected [Work Market] but found [Work Market | Thank you]">
      <![CDATA[java.lang.AssertionError: expected [Work Market] but found [Work Market | Thank you]
at TestCase.SignUpTest.test1(SignUpTest.java:34)
... Removed 31 stack frames]]>
    </failure>
  </testcase> <!-- test1 -->
</testsuite> <!-- Test -->
