<?xml version="1.0" encoding="UTF-8"?>
<!-- Generated by org.testng.reporters.JUnitXMLReporter -->
<testsuite hostname="LAPTOP-SQUFLTJ8" ignored="0" name="Default test" tests="12" failures="0" timestamp="17 Apr 2019 00:21:57 GMT" time="102.55" errors="0">
  <testcase name="test1" time="3.461" classname="TestCase.SignUpTest"/>
  <testcase name="test10" time="0.813" classname="TestCase.SignUpTest"/>
  <testcase name="test11" time="2.715" classname="TestCase.SignUpTest"/>
  <testcase name="test12" time="2.701" classname="TestCase.SignUpTest"/>
  <testcase name="test2" time="4.58" classname="TestCase.SignUpTest"/>
  <testcase name="test3" time="1.17" classname="TestCase.SignUpTest"/>
  <testcase name="test4" time="1.425" classname="TestCase.SignUpTest"/>
  <testcase name="test5" time="0.503" classname="TestCase.SignUpTest"/>
  <testcase name="test6" time="0.552" classname="TestCase.SignUpTest"/>
  <testcase name="test7" time="1.807" classname="TestCase.SignUpTest"/>
  <testcase name="test8" time="1.846" classname="TestCase.SignUpTest"/>
  <testcase name="test9" time="0.683" classname="TestCase.SignUpTest"/>
</testsuite> <!-- Default test -->
