<?xml version="1.0" encoding="UTF-8"?>
<!-- Generated by org.testng.reporters.JUnitXMLReporter -->
<testsuite hostname="LAPTOP-SQUFLTJ8" ignored="0" name="Default test" tests="12" failures="0" timestamp="15 Apr 2019 23:38:05 GMT" time="103.304" errors="0">
  <testcase name="test1" time="2.76" classname="TestCase.SignUpTest"/>
  <testcase name="test10" time="0.765" classname="TestCase.SignUpTest"/>
  <testcase name="test11" time="3.167" classname="TestCase.SignUpTest"/>
  <testcase name="test12" time="4.334" classname="TestCase.SignUpTest"/>
  <testcase name="test2" time="4.451" classname="TestCase.SignUpTest"/>
  <testcase name="test3" time="1.183" classname="TestCase.SignUpTest"/>
  <testcase name="test4" time="1.412" classname="TestCase.SignUpTest"/>
  <testcase name="test5" time="0.513" classname="TestCase.SignUpTest"/>
  <testcase name="test6" time="0.617" classname="TestCase.SignUpTest"/>
  <testcase name="test7" time="2.374" classname="TestCase.SignUpTest"/>
  <testcase name="test8" time="1.857" classname="TestCase.SignUpTest"/>
  <testcase name="test9" time="0.743" classname="TestCase.SignUpTest"/>
</testsuite> <!-- Default test -->
