<?xml version="1.0" encoding="UTF-8"?>
<testng-results skipped="0" failed="0" ignored="0" total="12" passed="12">
  <reporter-output>
  </reporter-output>
  <suite name="Default suite" duration-ms="102550" started-at="2019-04-17T00:20:14Z" finished-at="2019-04-17T00:21:57Z">
    <groups>
    </groups>
    <test name="Default test" duration-ms="102550" started-at="2019-04-17T00:20:14Z" finished-at="2019-04-17T00:21:57Z">
      <class name="TestCase.SignUpTest">
        <test-method status="PASS" signature="setUp()[pri:0, instance:TestCase.SignUpTest@1753acfe]" name="setUp" is-config="true" duration-ms="5474" started-at="2019-04-17T00:20:14Z" finished-at="2019-04-17T00:20:20Z">
          <reporter-output>
          </reporter-output>
        </test-method> <!-- setUp -->
        <test-method status="PASS" signature="before()[pri:0, instance:TestCase.SignUpTest@1753acfe]" name="before" is-config="true" duration-ms="1833" started-at="2019-04-17T00:20:20Z" finished-at="2019-04-17T00:20:22Z">
          <reporter-output>
          </reporter-output>
        </test-method> <!-- before -->
        <test-method status="PASS" signature="test1()[pri:0, instance:TestCase.SignUpTest@1753acfe]" name="test1" duration-ms="3461" started-at="2019-04-17T00:20:22Z" finished-at="2019-04-17T00:20:25Z">
          <reporter-output>
          </reporter-output>
        </test-method> <!-- test1 -->
        <test-method status="PASS" signature="tearDown()[pri:0, instance:TestCase.SignUpTest@1753acfe]" name="tearDown" is-config="true" duration-ms="668" started-at="2019-04-17T00:20:25Z" finished-at="2019-04-17T00:20:26Z">
          <reporter-output>
          </reporter-output>
        </test-method> <!-- tearDown -->
        <test-method status="PASS" signature="setUp()[pri:0, instance:TestCase.SignUpTest@1753acfe]" name="setUp" is-config="true" duration-ms="3690" started-at="2019-04-17T00:20:26Z" finished-at="2019-04-17T00:20:29Z">
          <reporter-output>
          </reporter-output>
        </test-method> <!-- setUp -->
        <test-method status="PASS" signature="before()[pri:0, instance:TestCase.SignUpTest@1753acfe]" name="before" is-config="true" duration-ms="1505" started-at="2019-04-17T00:20:29Z" finished-at="2019-04-17T00:20:31Z">
          <reporter-output>
          </reporter-output>
        </test-method> <!-- before -->
        <test-method status="PASS" signature="test10()[pri:0, instance:TestCase.SignUpTest@1753acfe]" name="test10" duration-ms="813" started-at="2019-04-17T00:20:31Z" finished-at="2019-04-17T00:20:32Z">
          <reporter-output>
          </reporter-output>
        </test-method> <!-- test10 -->
        <test-method status="PASS" signature="tearDown()[pri:0, instance:TestCase.SignUpTest@1753acfe]" name="tearDown" is-config="true" duration-ms="674" started-at="2019-04-17T00:20:32Z" finished-at="2019-04-17T00:20:32Z">
          <reporter-output>
          </reporter-output>
        </test-method> <!-- tearDown -->
        <test-method status="PASS" signature="setUp()[pri:0, instance:TestCase.SignUpTest@1753acfe]" name="setUp" is-config="true" duration-ms="4104" started-at="2019-04-17T00:20:32Z" finished-at="2019-04-17T00:20:37Z">
          <reporter-output>
          </reporter-output>
        </test-method> <!-- setUp -->
        <test-method status="PASS" signature="before()[pri:0, instance:TestCase.SignUpTest@1753acfe]" name="before" is-config="true" duration-ms="1700" started-at="2019-04-17T00:20:37Z" finished-at="2019-04-17T00:20:38Z">
          <reporter-output>
          </reporter-output>
        </test-method> <!-- before -->
        <test-method status="PASS" signature="test11()[pri:0, instance:TestCase.SignUpTest@1753acfe]" name="test11" duration-ms="2715" started-at="2019-04-17T00:20:38Z" finished-at="2019-04-17T00:20:41Z">
          <reporter-output>
          </reporter-output>
        </test-method> <!-- test11 -->
        <test-method status="PASS" signature="tearDown()[pri:0, instance:TestCase.SignUpTest@1753acfe]" name="tearDown" is-config="true" duration-ms="977" started-at="2019-04-17T00:20:41Z" finished-at="2019-04-17T00:20:42Z">
          <reporter-output>
          </reporter-output>
        </test-method> <!-- tearDown -->
        <test-method status="PASS" signature="setUp()[pri:0, instance:TestCase.SignUpTest@1753acfe]" name="setUp" is-config="true" duration-ms="4685" started-at="2019-04-17T00:20:42Z" finished-at="2019-04-17T00:20:47Z">
          <reporter-output>
          </reporter-output>
        </test-method> <!-- setUp -->
        <test-method status="PASS" signature="before()[pri:0, instance:TestCase.SignUpTest@1753acfe]" name="before" is-config="true" duration-ms="1802" started-at="2019-04-17T00:20:47Z" finished-at="2019-04-17T00:20:48Z">
          <reporter-output>
          </reporter-output>
        </test-method> <!-- before -->
        <test-method status="PASS" signature="test12()[pri:0, instance:TestCase.SignUpTest@1753acfe]" name="test12" duration-ms="2701" started-at="2019-04-17T00:20:48Z" finished-at="2019-04-17T00:20:51Z">
          <reporter-output>
          </reporter-output>
        </test-method> <!-- test12 -->
        <test-method status="PASS" signature="tearDown()[pri:0, instance:TestCase.SignUpTest@1753acfe]" name="tearDown" is-config="true" duration-ms="1075" started-at="2019-04-17T00:20:51Z" finished-at="2019-04-17T00:20:52Z">
          <reporter-output>
          </reporter-output>
        </test-method> <!-- tearDown -->
        <test-method status="PASS" signature="setUp()[pri:0, instance:TestCase.SignUpTest@1753acfe]" name="setUp" is-config="true" duration-ms="3987" started-at="2019-04-17T00:20:52Z" finished-at="2019-04-17T00:20:56Z">
          <reporter-output>
          </reporter-output>
        </test-method> <!-- setUp -->
        <test-method status="PASS" signature="before()[pri:0, instance:TestCase.SignUpTest@1753acfe]" name="before" is-config="true" duration-ms="1640" started-at="2019-04-17T00:20:56Z" finished-at="2019-04-17T00:20:58Z">
          <reporter-output>
          </reporter-output>
        </test-method> <!-- before -->
        <test-method status="PASS" signature="test2()[pri:0, instance:TestCase.SignUpTest@1753acfe]" name="test2" duration-ms="4580" started-at="2019-04-17T00:20:58Z" finished-at="2019-04-17T00:21:02Z">
          <reporter-output>
          </reporter-output>
        </test-method> <!-- test2 -->
        <test-method status="PASS" signature="tearDown()[pri:0, instance:TestCase.SignUpTest@1753acfe]" name="tearDown" is-config="true" duration-ms="697" started-at="2019-04-17T00:21:02Z" finished-at="2019-04-17T00:21:03Z">
          <reporter-output>
          </reporter-output>
        </test-method> <!-- tearDown -->
        <test-method status="PASS" signature="setUp()[pri:0, instance:TestCase.SignUpTest@1753acfe]" name="setUp" is-config="true" duration-ms="3557" started-at="2019-04-17T00:21:03Z" finished-at="2019-04-17T00:21:07Z">
          <reporter-output>
          </reporter-output>
        </test-method> <!-- setUp -->
        <test-method status="PASS" signature="before()[pri:0, instance:TestCase.SignUpTest@1753acfe]" name="before" is-config="true" duration-ms="1042" started-at="2019-04-17T00:21:07Z" finished-at="2019-04-17T00:21:08Z">
          <reporter-output>
          </reporter-output>
        </test-method> <!-- before -->
        <test-method status="PASS" signature="test3()[pri:0, instance:TestCase.SignUpTest@1753acfe]" name="test3" duration-ms="1170" started-at="2019-04-17T00:21:08Z" finished-at="2019-04-17T00:21:09Z">
          <reporter-output>
          </reporter-output>
        </test-method> <!-- test3 -->
        <test-method status="PASS" signature="tearDown()[pri:0, instance:TestCase.SignUpTest@1753acfe]" name="tearDown" is-config="true" duration-ms="739" started-at="2019-04-17T00:21:09Z" finished-at="2019-04-17T00:21:10Z">
          <reporter-output>
          </reporter-output>
        </test-method> <!-- tearDown -->
        <test-method status="PASS" signature="setUp()[pri:0, instance:TestCase.SignUpTest@1753acfe]" name="setUp" is-config="true" duration-ms="4107" started-at="2019-04-17T00:21:10Z" finished-at="2019-04-17T00:21:14Z">
          <reporter-output>
          </reporter-output>
        </test-method> <!-- setUp -->
        <test-method status="PASS" signature="before()[pri:0, instance:TestCase.SignUpTest@1753acfe]" name="before" is-config="true" duration-ms="1086" started-at="2019-04-17T00:21:14Z" finished-at="2019-04-17T00:21:15Z">
          <reporter-output>
          </reporter-output>
        </test-method> <!-- before -->
        <test-method status="PASS" signature="test4()[pri:0, instance:TestCase.SignUpTest@1753acfe]" name="test4" duration-ms="1425" started-at="2019-04-17T00:21:15Z" finished-at="2019-04-17T00:21:16Z">
          <reporter-output>
          </reporter-output>
        </test-method> <!-- test4 -->
        <test-method status="PASS" signature="tearDown()[pri:0, instance:TestCase.SignUpTest@1753acfe]" name="tearDown" is-config="true" duration-ms="1563" started-at="2019-04-17T00:21:16Z" finished-at="2019-04-17T00:21:18Z">
          <reporter-output>
          </reporter-output>
        </test-method> <!-- tearDown -->
        <test-method status="PASS" signature="setUp()[pri:0, instance:TestCase.SignUpTest@1753acfe]" name="setUp" is-config="true" duration-ms="4079" started-at="2019-04-17T00:21:18Z" finished-at="2019-04-17T00:21:22Z">
          <reporter-output>
          </reporter-output>
        </test-method> <!-- setUp -->
        <test-method status="PASS" signature="before()[pri:0, instance:TestCase.SignUpTest@1753acfe]" name="before" is-config="true" duration-ms="1048" started-at="2019-04-17T00:21:22Z" finished-at="2019-04-17T00:21:23Z">
          <reporter-output>
          </reporter-output>
        </test-method> <!-- before -->
        <test-method status="PASS" signature="test5()[pri:0, instance:TestCase.SignUpTest@1753acfe]" name="test5" duration-ms="503" started-at="2019-04-17T00:21:23Z" finished-at="2019-04-17T00:21:23Z">
          <reporter-output>
          </reporter-output>
        </test-method> <!-- test5 -->
        <test-method status="PASS" signature="tearDown()[pri:0, instance:TestCase.SignUpTest@1753acfe]" name="tearDown" is-config="true" duration-ms="776" started-at="2019-04-17T00:21:23Z" finished-at="2019-04-17T00:21:24Z">
          <reporter-output>
          </reporter-output>
        </test-method> <!-- tearDown -->
        <test-method status="PASS" signature="setUp()[pri:0, instance:TestCase.SignUpTest@1753acfe]" name="setUp" is-config="true" duration-ms="4212" started-at="2019-04-17T00:21:24Z" finished-at="2019-04-17T00:21:28Z">
          <reporter-output>
          </reporter-output>
        </test-method> <!-- setUp -->
        <test-method status="PASS" signature="before()[pri:0, instance:TestCase.SignUpTest@1753acfe]" name="before" is-config="true" duration-ms="2013" started-at="2019-04-17T00:21:28Z" finished-at="2019-04-17T00:21:30Z">
          <reporter-output>
          </reporter-output>
        </test-method> <!-- before -->
        <test-method status="PASS" signature="test6()[pri:0, instance:TestCase.SignUpTest@1753acfe]" name="test6" duration-ms="552" started-at="2019-04-17T00:21:30Z" finished-at="2019-04-17T00:21:31Z">
          <reporter-output>
          </reporter-output>
        </test-method> <!-- test6 -->
        <test-method status="PASS" signature="tearDown()[pri:0, instance:TestCase.SignUpTest@1753acfe]" name="tearDown" is-config="true" duration-ms="687" started-at="2019-04-17T00:21:31Z" finished-at="2019-04-17T00:21:32Z">
          <reporter-output>
          </reporter-output>
        </test-method> <!-- tearDown -->
        <test-method status="PASS" signature="setUp()[pri:0, instance:TestCase.SignUpTest@1753acfe]" name="setUp" is-config="true" duration-ms="5215" started-at="2019-04-17T00:21:32Z" finished-at="2019-04-17T00:21:37Z">
          <reporter-output>
          </reporter-output>
        </test-method> <!-- setUp -->
        <test-method status="PASS" signature="before()[pri:0, instance:TestCase.SignUpTest@1753acfe]" name="before" is-config="true" duration-ms="966" started-at="2019-04-17T00:21:37Z" finished-at="2019-04-17T00:21:38Z">
          <reporter-output>
          </reporter-output>
        </test-method> <!-- before -->
        <test-method status="PASS" signature="test7()[pri:0, instance:TestCase.SignUpTest@1753acfe]" name="test7" duration-ms="1807" started-at="2019-04-17T00:21:38Z" finished-at="2019-04-17T00:21:40Z">
          <reporter-output>
          </reporter-output>
        </test-method> <!-- test7 -->
        <test-method status="PASS" signature="tearDown()[pri:0, instance:TestCase.SignUpTest@1753acfe]" name="tearDown" is-config="true" duration-ms="710" started-at="2019-04-17T00:21:40Z" finished-at="2019-04-17T00:21:40Z">
          <reporter-output>
          </reporter-output>
        </test-method> <!-- tearDown -->
        <test-method status="PASS" signature="setUp()[pri:0, instance:TestCase.SignUpTest@1753acfe]" name="setUp" is-config="true" duration-ms="5864" started-at="2019-04-17T00:21:40Z" finished-at="2019-04-17T00:21:46Z">
          <reporter-output>
          </reporter-output>
        </test-method> <!-- setUp -->
        <test-method status="PASS" signature="before()[pri:0, instance:TestCase.SignUpTest@1753acfe]" name="before" is-config="true" duration-ms="1776" started-at="2019-04-17T00:21:46Z" finished-at="2019-04-17T00:21:48Z">
          <reporter-output>
          </reporter-output>
        </test-method> <!-- before -->
        <test-method status="PASS" signature="test8()[pri:0, instance:TestCase.SignUpTest@1753acfe]" name="test8" duration-ms="1846" started-at="2019-04-17T00:21:48Z" finished-at="2019-04-17T00:21:50Z">
          <reporter-output>
          </reporter-output>
        </test-method> <!-- test8 -->
        <test-method status="PASS" signature="tearDown()[pri:0, instance:TestCase.SignUpTest@1753acfe]" name="tearDown" is-config="true" duration-ms="673" started-at="2019-04-17T00:21:50Z" finished-at="2019-04-17T00:21:51Z">
          <reporter-output>
          </reporter-output>
        </test-method> <!-- tearDown -->
        <test-method status="PASS" signature="setUp()[pri:0, instance:TestCase.SignUpTest@1753acfe]" name="setUp" is-config="true" duration-ms="3592" started-at="2019-04-17T00:21:51Z" finished-at="2019-04-17T00:21:54Z">
          <reporter-output>
          </reporter-output>
        </test-method> <!-- setUp -->
        <test-method status="PASS" signature="before()[pri:0, instance:TestCase.SignUpTest@1753acfe]" name="before" is-config="true" duration-ms="1354" started-at="2019-04-17T00:21:54Z" finished-at="2019-04-17T00:21:56Z">
          <reporter-output>
          </reporter-output>
        </test-method> <!-- before -->
        <test-method status="PASS" signature="test9()[pri:0, instance:TestCase.SignUpTest@1753acfe]" name="test9" duration-ms="683" started-at="2019-04-17T00:21:56Z" finished-at="2019-04-17T00:21:56Z">
          <reporter-output>
          </reporter-output>
        </test-method> <!-- test9 -->
        <test-method status="PASS" signature="tearDown()[pri:0, instance:TestCase.SignUpTest@1753acfe]" name="tearDown" is-config="true" duration-ms="673" started-at="2019-04-17T00:21:56Z" finished-at="2019-04-17T00:21:57Z">
          <reporter-output>
          </reporter-output>
        </test-method> <!-- tearDown -->
      </class> <!-- TestCase.SignUpTest -->
    </test> <!-- Default test -->
  </suite> <!-- Default suite -->
</testng-results>
